<html>
<head>
<title>TestNG:  Default test</title>
<link href="../testng.css" rel="stylesheet" type="text/css" />
<link href="../my-testng.css" rel="stylesheet" type="text/css" />

<style type="text/css">
.log { display: none;} 
.stack-trace { display: none;} 
</style>
<script type="text/javascript">
<!--
function flip(e) {
  current = e.style.display;
  if (current == 'block') {
    e.style.display = 'none';
    return 0;
  }
  else {
    e.style.display = 'block';
    return 1;
  }
}

function toggleBox(szDivId, elem, msg1, msg2)
{
  var res = -1;  if (document.getElementById) {
    res = flip(document.getElementById(szDivId));
  }
  else if (document.all) {
    // this is the way old msie versions work
    res = flip(document.all[szDivId]);
  }
  if(elem) {
    if(res == 0) elem.innerHTML = msg1; else elem.innerHTML = msg2;
  }

}

function toggleAllBoxes() {
  if (document.getElementsByTagName) {
    d = document.getElementsByTagName('div');
    for (i = 0; i < d.length; i++) {
      if (d[i].className == 'log') {
        flip(d[i]);
      }
    }
  }
}

// -->
</script>

</head>
<body>
<h2 align='center'>Default test</h2><table border='1' align="center">
<tr>
<td>Tests passed/Failed/Skipped:</td><td>18/1/0</td>
</tr><tr>
<td>Started on:</td><td>Fri Jun 29 13:26:43 IST 2018</td>
</tr>
<tr><td>Total time:</td><td>117 seconds (117420 ms)</td>
</tr><tr>
<td>Included groups:</td><td></td>
</tr><tr>
<td>Excluded groups:</td><td></td>
</tr>
</table><p/>
<small><i>(Hover the method name to see the test class name)</i></small><p/>
<table width='100%' border='1' class='invocation-failed'>
<tr><td colspan='4' align='center'><b>FAILED TESTS</b></td></tr>
<tr><td><b>Test method</b></td>
<td width="30%"><b>Exception</b></td>
<td width="10%"><b>Time (seconds)</b></td>
<td><b>Instance</b></td>
</tr>
<tr>
<td title='com.reg.qa.testcases.RegPageTest.ChkIcnTest()'><b>ChkIcnTest</b><br>Test class: com.reg.qa.testcases.RegPageTest</td>
<td><div><pre>org.openqa.selenium.WebDriverException: unknown error: keys should be a string
  (Session info: chrome=67.0.3396.87)
  (Driver info: chromedriver=2.38.552522 (437e6fbedfa8762dec75e2c5b3ddb86763dc9dcb),platform=Windows NT 10.0.10586 x86_64) (WARNING: The server did not provide any stacktrace information)
Command duration or timeout: 0 milliseconds
Build info: version: &apos;3.13.0&apos;, revision: &apos;2f0d292&apos;, time: &apos;2018-06-25T15:24:21.231Z&apos;
System info: host: &apos;CKUMARSI-WX-1&apos;, ip: &apos;10.41.116.227&apos;, os.name: &apos;Windows 8.1&apos;, os.arch: &apos;amd64&apos;, os.version: &apos;6.3&apos;, java.version: &apos;1.8.0_45&apos;
Driver info: org.openqa.selenium.chrome.ChromeDriver
Capabilities {acceptInsecureCerts: false, acceptSslCerts: false, applicationCacheEnabled: false, browserConnectionEnabled: false, browserName: chrome, chrome: {chromedriverVersion: 2.38.552522 (437e6fbedfa876..., userDataDir: C:\Users\Ckumarsi\AppData\L...}, cssSelectorsEnabled: true, databaseEnabled: false, handlesAlerts: true, hasTouchScreen: false, javascriptEnabled: true, locationContextEnabled: true, mobileEmulationEnabled: false, nativeEvents: true, networkConnectionEnabled: false, pageLoadStrategy: normal, platform: XP, platformName: XP, rotatable: false, setWindowRect: true, takesHeapSnapshot: true, takesScreenshot: true, unexpectedAlertBehaviour: , unhandledPromptBehavior: , version: 67.0.3396.87, webStorageEnabled: true}
Session ID: 9d354f88c724658fd205c95dc618a022
	at sun.reflect.NativeConstructorAccessorImpl.newInstance0(Native Method)
	at sun.reflect.NativeConstructorAccessorImpl.newInstance(NativeConstructorAccessorImpl.java:62)
	at sun.reflect.DelegatingConstructorAccessorImpl.newInstance(DelegatingConstructorAccessorImpl.java:45)
	at java.lang.reflect.Constructor.newInstance(Constructor.java:422)
	at org.openqa.selenium.remote.ErrorHandler.createThrowable(ErrorHandler.java:214)
	at org.openqa.selenium.remote.ErrorHandler.throwIfResponseFailed(ErrorHandler.java:166)
	at org.openqa.selenium.remote.http.JsonHttpResponseCodec.reconstructValue(JsonHttpResponseCodec.java:40)
	at org.openqa.selenium.remote.http.AbstractHttpResponseCodec.decode(AbstractHttpResponseCodec.java:80)
	at org.openqa.selenium.remote.http.AbstractHttpResponseCodec.decode(AbstractHttpResponseCodec.java:44)
	at org.openqa.selenium.remote.HttpCommandExecutor.execute(HttpCommandExecutor.java:158)
	at org.openqa.selenium.remote.service.DriverCommandExecutor.execute(DriverCommandExecutor.java:83)
	at org.openqa.selenium.remote.RemoteWebDriver.execute(RemoteWebDriver.java:548)
	at org.openqa.selenium.remote.RemoteWebElement.execute(RemoteWebElement.java:276)
	at org.openqa.selenium.remote.RemoteWebElement.sendKeys(RemoteWebElement.java:100)
	at sun.reflect.NativeMethodAccessorImpl.invoke0(Native Method)
	at sun.reflect.NativeMethodAccessorImpl.invoke(NativeMethodAccessorImpl.java:62)
	at sun.reflect.DelegatingMethodAccessorImpl.invoke(DelegatingMethodAccessorImpl.java:43)
	at java.lang.reflect.Method.invoke(Method.java:497)
	at org.openqa.selenium.support.pagefactory.internal.LocatingElementHandler.invoke(LocatingElementHandler.java:51)
	at com.sun.proxy.$Proxy9.sendKeys(Unknown Source)
	at com.reg.qa.regpage.Regpage.checkiconforun(Regpage.java:182)
	at com.reg.qa.testcases.RegPageTest.ChkIcnTest(RegPageTest.java:135)
	at sun.reflect.NativeMethodAccessorImpl.invoke0(Native Method)
	at sun.reflect.NativeMethodAccessorImpl.invoke(NativeMethodAccessorImpl.java:62)
	at sun.reflect.DelegatingMethodAccessorImpl.invoke(DelegatingMethodAccessorImpl.java:43)
	at java.lang.reflect.Method.invoke(Method.java:497)
	at org.testng.internal.MethodInvocationHelper.invokeMethod(MethodInvocationHelper.java:80)
	at org.testng.internal.Invoker.invokeMethod(Invoker.java:714)
	at org.testng.internal.Invoker.invokeTestMethod(Invoker.java:901)
	at org.testng.internal.Invoker.invokeTestMethods(Invoker.java:1231)
	at org.testng.internal.TestMethodWorker.invokeTestMethods(TestMethodWorker.java:127)
	at org.testng.internal.TestMethodWorker.run(TestMethodWorker.java:111)
	at org.testng.TestRunner.privateRun(TestRunner.java:767)
	at org.testng.TestRunner.run(TestRunner.java:617)
	at org.testng.SuiteRunner.runTest(SuiteRunner.java:334)
	at org.testng.SuiteRunner.runSequentially(SuiteRunner.java:329)
	at org.testng.SuiteRunner.privateRun(SuiteRunner.java:291)
	at org.testng.SuiteRunner.run(SuiteRunner.java:240)
	at org.testng.SuiteRunnerWorker.runSuite(SuiteRunnerWorker.java:52)
	at org.testng.SuiteRunnerWorker.run(SuiteRunnerWorker.java:86)
	at org.testng.TestNG.runSuitesSequentially(TestNG.java:1198)
	at org.testng.TestNG.runSuitesLocally(TestNG.java:1123)
	at org.testng.TestNG.run(TestNG.java:1031)
	at org.testng.remote.AbstractRemoteTestNG.run(AbstractRemoteTestNG.java:114)
	at org.testng.remote.RemoteTestNG.initAndRun(RemoteTestNG.java:251)
	at org.testng.remote.RemoteTestNG.main(RemoteTestNG.java:77)
</pre></div><a href='#' onClick='toggleBox("stack-trace877630567", this, "Click to show all stack frames", "Click to hide stack frames")'>Click to show all stack frames</a>
<div class='stack-trace' id='stack-trace877630567'><pre>org.openqa.selenium.WebDriverException: unknown error: keys should be a string
  (Session info: chrome=67.0.3396.87)
  (Driver info: chromedriver=2.38.552522 (437e6fbedfa8762dec75e2c5b3ddb86763dc9dcb),platform=Windows NT 10.0.10586 x86_64) (WARNING: The server did not provide any stacktrace information)
Command duration or timeout: 0 milliseconds
Build info: version: &apos;3.13.0&apos;, revision: &apos;2f0d292&apos;, time: &apos;2018-06-25T15:24:21.231Z&apos;
System info: host: &apos;CKUMARSI-WX-1&apos;, ip: &apos;10.41.116.227&apos;, os.name: &apos;Windows 8.1&apos;, os.arch: &apos;amd64&apos;, os.version: &apos;6.3&apos;, java.version: &apos;1.8.0_45&apos;
Driver info: org.openqa.selenium.chrome.ChromeDriver
Capabilities {acceptInsecureCerts: false, acceptSslCerts: false, applicationCacheEnabled: false, browserConnectionEnabled: false, browserName: chrome, chrome: {chromedriverVersion: 2.38.552522 (437e6fbedfa876..., userDataDir: C:\Users\Ckumarsi\AppData\L...}, cssSelectorsEnabled: true, databaseEnabled: false, handlesAlerts: true, hasTouchScreen: false, javascriptEnabled: true, locationContextEnabled: true, mobileEmulationEnabled: false, nativeEvents: true, networkConnectionEnabled: false, pageLoadStrategy: normal, platform: XP, platformName: XP, rotatable: false, setWindowRect: true, takesHeapSnapshot: true, takesScreenshot: true, unexpectedAlertBehaviour: , unhandledPromptBehavior: , version: 67.0.3396.87, webStorageEnabled: true}
Session ID: 9d354f88c724658fd205c95dc618a022
	at sun.reflect.NativeConstructorAccessorImpl.newInstance0(Native Method)
	at sun.reflect.NativeConstructorAccessorImpl.newInstance(NativeConstructorAccessorImpl.java:62)
	at sun.reflect.DelegatingConstructorAccessorImpl.newInstance(DelegatingConstructorAccessorImpl.java:45)
	at java.lang.reflect.Constructor.newInstance(Constructor.java:422)
	at org.openqa.selenium.remote.ErrorHandler.createThrowable(ErrorHandler.java:214)
	at org.openqa.selenium.remote.ErrorHandler.throwIfResponseFailed(ErrorHandler.java:166)
	at org.openqa.selenium.remote.http.JsonHttpResponseCodec.reconstructValue(JsonHttpResponseCodec.java:40)
	at org.openqa.selenium.remote.http.AbstractHttpResponseCodec.decode(AbstractHttpResponseCodec.java:80)
	at org.openqa.selenium.remote.http.AbstractHttpResponseCodec.decode(AbstractHttpResponseCodec.java:44)
	at org.openqa.selenium.remote.HttpCommandExecutor.execute(HttpCommandExecutor.java:158)
	at org.openqa.selenium.remote.service.DriverCommandExecutor.execute(DriverCommandExecutor.java:83)
	at org.openqa.selenium.remote.RemoteWebDriver.execute(RemoteWebDriver.java:548)
	at org.openqa.selenium.remote.RemoteWebElement.execute(RemoteWebElement.java:276)
	at org.openqa.selenium.remote.RemoteWebElement.sendKeys(RemoteWebElement.java:100)
	at sun.reflect.NativeMethodAccessorImpl.invoke0(Native Method)
	at sun.reflect.NativeMethodAccessorImpl.invoke(NativeMethodAccessorImpl.java:62)
	at sun.reflect.DelegatingMethodAccessorImpl.invoke(DelegatingMethodAccessorImpl.java:43)
	at java.lang.reflect.Method.invoke(Method.java:497)
	at org.openqa.selenium.support.pagefactory.internal.LocatingElementHandler.invoke(LocatingElementHandler.java:51)
	at com.sun.proxy.$Proxy9.sendKeys(Unknown Source)
	at com.reg.qa.regpage.Regpage.checkiconforun(Regpage.java:182)
	at com.reg.qa.testcases.RegPageTest.ChkIcnTest(RegPageTest.java:135)
	at sun.reflect.NativeMethodAccessorImpl.invoke0(Native Method)
	at sun.reflect.NativeMethodAccessorImpl.invoke(NativeMethodAccessorImpl.java:62)
	at sun.reflect.DelegatingMethodAccessorImpl.invoke(DelegatingMethodAccessorImpl.java:43)
	at java.lang.reflect.Method.invoke(Method.java:497)
	at org.testng.internal.MethodInvocationHelper.invokeMethod(MethodInvocationHelper.java:80)
	at org.testng.internal.Invoker.invokeMethod(Invoker.java:714)
	at org.testng.internal.Invoker.invokeTestMethod(Invoker.java:901)
	at org.testng.internal.Invoker.invokeTestMethods(Invoker.java:1231)
	at org.testng.internal.TestMethodWorker.invokeTestMethods(TestMethodWorker.java:127)
	at org.testng.internal.TestMethodWorker.run(TestMethodWorker.java:111)
	at org.testng.TestRunner.privateRun(TestRunner.java:767)
	at org.testng.TestRunner.run(TestRunner.java:617)
	at org.testng.SuiteRunner.runTest(SuiteRunner.java:334)
	at org.testng.SuiteRunner.runSequentially(SuiteRunner.java:329)
	at org.testng.SuiteRunner.privateRun(SuiteRunner.java:291)
	at org.testng.SuiteRunner.run(SuiteRunner.java:240)
	at org.testng.SuiteRunnerWorker.runSuite(SuiteRunnerWorker.java:52)
	at org.testng.SuiteRunnerWorker.run(SuiteRunnerWorker.java:86)
	at org.testng.TestNG.runSuitesSequentially(TestNG.java:1198)
	at org.testng.TestNG.runSuitesLocally(TestNG.java:1123)
	at org.testng.TestNG.run(TestNG.java:1031)
	at org.testng.remote.AbstractRemoteTestNG.run(AbstractRemoteTestNG.java:114)
	at org.testng.remote.RemoteTestNG.initAndRun(RemoteTestNG.java:251)
	at org.testng.remote.RemoteTestNG.main(RemoteTestNG.java:77)
</pre></div></td>
<td>0</td>
<td>com.reg.qa.testcases.RegPageTest@46d56d67</td></tr>
</table><p>
<table width='100%' border='1' class='invocation-passed'>
<tr><td colspan='4' align='center'><b>PASSED TESTS</b></td></tr>
<tr><td><b>Test method</b></td>
<td width="30%"><b>Exception</b></td>
<td width="10%"><b>Time (seconds)</b></td>
<td><b>Instance</b></td>
</tr>
<tr>
<td title='com.reg.qa.testcases.RegPageTest.UNCTest()'><b>UNCTest</b><br>Test class: com.reg.qa.testcases.RegPageTest</td>
<td></td>
<td>0</td>
<td>com.reg.qa.testcases.RegPageTest@46d56d67</td></tr>
<tr>
<td title='com.reg.qa.testcases.RegPageTest.cnfpasswordlabelTest()'><b>cnfpasswordlabelTest</b><br>Test class: com.reg.qa.testcases.RegPageTest</td>
<td></td>
<td>0</td>
<td>com.reg.qa.testcases.RegPageTest@46d56d67</td></tr>
<tr>
<td title='com.reg.qa.testcases.RegPageTest.contactnolabelTest()'><b>contactnolabelTest</b><br>Test class: com.reg.qa.testcases.RegPageTest</td>
<td></td>
<td>0</td>
<td>com.reg.qa.testcases.RegPageTest@46d56d67</td></tr>
<tr>
<td title='com.reg.qa.testcases.RegPageTest.emaillabelTest()'><b>emaillabelTest</b><br>Test class: com.reg.qa.testcases.RegPageTest</td>
<td></td>
<td>0</td>
<td>com.reg.qa.testcases.RegPageTest@46d56d67</td></tr>
<tr>
<td title='com.reg.qa.testcases.RegPageTest.entercontactnoTest()'><b>entercontactnoTest</b><br>Test class: com.reg.qa.testcases.RegPageTest</td>
<td></td>
<td>0</td>
<td>com.reg.qa.testcases.RegPageTest@46d56d67</td></tr>
<tr>
<td title='com.reg.qa.testcases.RegPageTest.entercpwdTest()'><b>entercpwdTest</b><br>Test class: com.reg.qa.testcases.RegPageTest</td>
<td></td>
<td>0</td>
<td>com.reg.qa.testcases.RegPageTest@46d56d67</td></tr>
<tr>
<td title='com.reg.qa.testcases.RegPageTest.enteremailTest()'><b>enteremailTest</b><br>Test class: com.reg.qa.testcases.RegPageTest</td>
<td></td>
<td>0</td>
<td>com.reg.qa.testcases.RegPageTest@46d56d67</td></tr>
<tr>
<td title='com.reg.qa.testcases.RegPageTest.enterfnTest()'><b>enterfnTest</b><br>Test class: com.reg.qa.testcases.RegPageTest</td>
<td></td>
<td>0</td>
<td>com.reg.qa.testcases.RegPageTest@46d56d67</td></tr>
<tr>
<td title='com.reg.qa.testcases.RegPageTest.enterlnTest()'><b>enterlnTest</b><br>Test class: com.reg.qa.testcases.RegPageTest</td>
<td></td>
<td>0</td>
<td>com.reg.qa.testcases.RegPageTest@46d56d67</td></tr>
<tr>
<td title='com.reg.qa.testcases.RegPageTest.enterpwdTest()'><b>enterpwdTest</b><br>Test class: com.reg.qa.testcases.RegPageTest</td>
<td></td>
<td>0</td>
<td>com.reg.qa.testcases.RegPageTest@46d56d67</td></tr>
<tr>
<td title='com.reg.qa.testcases.RegPageTest.enterunTest()'><b>enterunTest</b><br>Test class: com.reg.qa.testcases.RegPageTest</td>
<td></td>
<td>0</td>
<td>com.reg.qa.testcases.RegPageTest@46d56d67</td></tr>
<tr>
<td title='com.reg.qa.testcases.RegPageTest.errormsgTest()'><b>errormsgTest</b><br>Test class: com.reg.qa.testcases.RegPageTest</td>
<td></td>
<td>0</td>
<td>com.reg.qa.testcases.RegPageTest@46d56d67</td></tr>
<tr>
<td title='com.reg.qa.testcases.RegPageTest.errormsgblankfieldusernameTest()'><b>errormsgblankfieldusernameTest</b><br>Test class: com.reg.qa.testcases.RegPageTest</td>
<td></td>
<td>0</td>
<td>com.reg.qa.testcases.RegPageTest@46d56d67</td></tr>
<tr>
<td title='com.reg.qa.testcases.RegPageTest.fillformtest()'><b>fillformtest</b><br>Test class: com.reg.qa.testcases.RegPageTest</td>
<td></td>
<td>2</td>
<td>com.reg.qa.testcases.RegPageTest@46d56d67</td></tr>
<tr>
<td title='com.reg.qa.testcases.RegPageTest.firstnamelabelTest()'><b>firstnamelabelTest</b><br>Test class: com.reg.qa.testcases.RegPageTest</td>
<td></td>
<td>0</td>
<td>com.reg.qa.testcases.RegPageTest@46d56d67</td></tr>
<tr>
<td title='com.reg.qa.testcases.RegPageTest.lastnamelabelTest()'><b>lastnamelabelTest</b><br>Test class: com.reg.qa.testcases.RegPageTest</td>
<td></td>
<td>0</td>
<td>com.reg.qa.testcases.RegPageTest@46d56d67</td></tr>
<tr>
<td title='com.reg.qa.testcases.RegPageTest.passwordlabelTest()'><b>passwordlabelTest</b><br>Test class: com.reg.qa.testcases.RegPageTest</td>
<td></td>
<td>0</td>
<td>com.reg.qa.testcases.RegPageTest@46d56d67</td></tr>
<tr>
<td title='com.reg.qa.testcases.RegPageTest.usernamelabelTest()'><b>usernamelabelTest</b><br>Test class: com.reg.qa.testcases.RegPageTest</td>
<td></td>
<td>0</td>
<td>com.reg.qa.testcases.RegPageTest@46d56d67</td></tr>
</table><p>
</body>
</html>